<?xml version="1.0" encoding="UTF-8"?>
<testsuite name="| k.keerthipriya@gmail.com | kiran143 | Gift Card CA +$75.00 | 1 | Keerthi | k.keerthipriya@gmail.com | Kiran | kiroooos@gmail.com | Happy birthday | 4444333322221111 | 11 | 20 | 123 |" time="0.02" tests="14" errors="0" skipped="0" failures="0">
  <properties>
    <property name="java.runtime.name" value="Java(TM) SE Runtime Environment"/>
    <property name="sun.boot.library.path" value="C:\Program Files\Java\jdk1.8.0_144\jre\bin"/>
    <property name="java.vm.version" value="25.144-b01"/>
    <property name="java.vm.vendor" value="Oracle Corporation"/>
    <property name="maven.multiModuleProjectDirectory" value="U:\Keerthi Priya\Forever1"/>
    <property name="java.vendor.url" value="http://java.oracle.com/"/>
    <property name="path.separator" value=";"/>
    <property name="guice.disable.misplaced.annotation.check" value="true"/>
    <property name="java.vm.name" value="Java HotSpot(TM) 64-Bit Server VM"/>
    <property name="file.encoding.pkg" value="sun.io"/>
    <property name="user.script" value=""/>
    <property name="user.country" value="AU"/>
    <property name="sun.java.launcher" value="SUN_STANDARD"/>
    <property name="sun.os.patch.level" value=""/>
    <property name="java.vm.specification.name" value="Java Virtual Machine Specification"/>
    <property name="user.dir" value="U:\Keerthi Priya\Forever1"/>
    <property name="java.runtime.version" value="1.8.0_144-b01"/>
    <property name="java.awt.graphicsenv" value="sun.awt.Win32GraphicsEnvironment"/>
    <property name="java.endorsed.dirs" value="C:\Program Files\Java\jdk1.8.0_144\jre\lib\endorsed"/>
    <property name="os.arch" value="amd64"/>
    <property name="java.io.tmpdir" value="C:\Users\KPKOMM~1\AppData\Local\Temp\"/>
    <property name="line.separator" value="&#10;"/>
    <property name="java.vm.specification.vendor" value="Oracle Corporation"/>
    <property name="user.variant" value=""/>
    <property name="os.name" value="Windows 10"/>
    <property name="classworlds.conf" value="C:\Softwares\apache-maven-3.5.0\bin\..\bin\m2.conf"/>
    <property name="sun.jnu.encoding" value="Cp1252"/>
    <property name="java.library.path" value="C:\Program Files\Java\jdk1.8.0_144\bin;C:\WINDOWS\Sun\Java\bin;C:\WINDOWS\system32;C:\WINDOWS;C:\Program Files\Java\jdk1.8.0_144\bin;C:\Softwares\apache-maven-3.5.0\bin;C:\Program Files\Git\cmd;."/>
    <property name="maven.conf" value="C:\Softwares\apache-maven-3.5.0\bin\../conf"/>
    <property name="java.specification.name" value="Java Platform API Specification"/>
    <property name="java.class.version" value="52.0"/>
    <property name="sun.management.compiler" value="HotSpot 64-Bit Tiered Compilers"/>
    <property name="os.version" value="10.0"/>
    <property name="library.jansi.path" value="C:\Softwares\apache-maven-3.5.0\bin\..\lib\jansi-native\windows64"/>
    <property name="user.home" value="C:\Users\kpkommuri"/>
    <property name="user.timezone" value="Australia/Sydney"/>
    <property name="java.awt.printerjob" value="sun.awt.windows.WPrinterJob"/>
    <property name="java.specification.version" value="1.8"/>
    <property name="file.encoding" value="Cp1252"/>
    <property name="user.name" value="kpkommuri"/>
    <property name="java.class.path" value="C:\Softwares\apache-maven-3.5.0\bin\..\boot\plexus-classworlds-2.5.2.jar"/>
    <property name="java.vm.specification.version" value="1.8"/>
    <property name="sun.arch.data.model" value="64"/>
    <property name="java.home" value="C:\Program Files\Java\jdk1.8.0_144\jre"/>
    <property name="sun.java.command" value="org.codehaus.plexus.classworlds.launcher.Launcher clean verify"/>
    <property name="java.specification.vendor" value="Oracle Corporation"/>
    <property name="user.language" value="en"/>
    <property name="awt.toolkit" value="sun.awt.windows.WToolkit"/>
    <property name="java.vm.info" value="mixed mode"/>
    <property name="java.version" value="1.8.0_144"/>
    <property name="java.ext.dirs" value="C:\Program Files\Java\jdk1.8.0_144\jre\lib\ext;C:\WINDOWS\Sun\Java\lib\ext"/>
    <property name="sun.boot.class.path" value="C:\Program Files\Java\jdk1.8.0_144\jre\lib\resources.jar;C:\Program Files\Java\jdk1.8.0_144\jre\lib\rt.jar;C:\Program Files\Java\jdk1.8.0_144\jre\lib\sunrsasign.jar;C:\Program Files\Java\jdk1.8.0_144\jre\lib\jsse.jar;C:\Program Files\Java\jdk1.8.0_144\jre\lib\jce.jar;C:\Program Files\Java\jdk1.8.0_144\jre\lib\charsets.jar;C:\Program Files\Java\jdk1.8.0_144\jre\lib\jfr.jar;C:\Program Files\Java\jdk1.8.0_144\jre\classes"/>
    <property name="sun.stderr.encoding" value="cp850"/>
    <property name="java.vendor" value="Oracle Corporation"/>
    <property name="maven.home" value="C:\Softwares\apache-maven-3.5.0\bin\.."/>
    <property name="file.separator" value="\"/>
    <property name="java.vendor.url.bug" value="http://bugreport.sun.com/bugreport/"/>
    <property name="sun.cpu.endian" value="little"/>
    <property name="sun.io.unicode.encoding" value="UnicodeLittle"/>
    <property name="sun.stdout.encoding" value="cp850"/>
    <property name="sun.desktop" value="windows"/>
    <property name="sun.cpu.isalist" value="amd64"/>
  </properties>
  <testcase name="Given I am registered user" classname="| k.keerthipriya@gmail.com | kiran143 |" time="0.003"/>
  <testcase name="When I open Forever login page and enter login details &apos;k.keerthipriya@gmail.com&apos; and &apos;kiran143&apos;" classname="| k.keerthipriya@gmail.com | kiran143 |" time="0"/>
  <testcase name="Then I should login to the forever new" classname="| k.keerthipriya@gmail.com | kiran143 |" time="0"/>
  <testcase name="| k.keerthipriya@gmail.com | kiran143 |" classname="| k.keerthipriya@gmail.com | kiran143 |" time="0.007"/>
  <testcase name="Given I open the Forever New home page &apos;k.keerthipriya@gmail.com&apos; and &apos;kiran143&apos;" classname="| k.keerthipriya@gmail.com | kiran143 | Gift Card CA +$50.00 | 1 | Keerthi | k.keerthipriya@gmail.com | Kiran | kiroooos@gmail.com | Happy weekend | 4444333322221111 | 11 | 20 | 123 |" time="0"/>
  <testcase name="When I open buy gift cards page" classname="| k.keerthipriya@gmail.com | kiran143 | Gift Card CA +$50.00 | 1 | Keerthi | k.keerthipriya@gmail.com | Kiran | kiroooos@gmail.com | Happy weekend | 4444333322221111 | 11 | 20 | 123 |" time="0"/>
  <testcase name="And give all the details &apos;Gift Card CA +$50.00&apos; and &apos;1&apos; and &apos;Keerthi&apos; and &apos;k.keerthipriya@gmail.com&apos; and &apos;Kiran&apos; and &apos;kiroooos@gmail.com&apos; and &apos;Happy weekend&apos; and &apos;4444333322221111&apos; and &apos;11&apos; and &apos;20&apos; and &apos;123&apos;" classname="| k.keerthipriya@gmail.com | kiran143 | Gift Card CA +$50.00 | 1 | Keerthi | k.keerthipriya@gmail.com | Kiran | kiroooos@gmail.com | Happy weekend | 4444333322221111 | 11 | 20 | 123 |" time="0"/>
  <testcase name="Then I should login to the forever new website" classname="| k.keerthipriya@gmail.com | kiran143 | Gift Card CA +$50.00 | 1 | Keerthi | k.keerthipriya@gmail.com | Kiran | kiroooos@gmail.com | Happy weekend | 4444333322221111 | 11 | 20 | 123 |" time="0"/>
  <testcase name="| k.keerthipriya@gmail.com | kiran143 | Gift Card CA +$50.00 | 1 | Keerthi | k.keerthipriya@gmail.com | Kiran | kiroooos@gmail.com | Happy weekend | 4444333322221111 | 11 | 20 | 123 |" classname="| k.keerthipriya@gmail.com | kiran143 | Gift Card CA +$50.00 | 1 | Keerthi | k.keerthipriya@gmail.com | Kiran | kiroooos@gmail.com | Happy weekend | 4444333322221111 | 11 | 20 | 123 |" time="0.006"/>
  <testcase name="Given I open the Forever New home page &apos;k.keerthipriya@gmail.com&apos; and &apos;kiran143&apos;" classname="| k.keerthipriya@gmail.com | kiran143 | Gift Card CA +$75.00 | 1 | Keerthi | k.keerthipriya@gmail.com | Kiran | kiroooos@gmail.com | Happy birthday | 4444333322221111 | 11 | 20 | 123 |" time="0"/>
  <testcase name="When I open buy gift cards page" classname="| k.keerthipriya@gmail.com | kiran143 | Gift Card CA +$75.00 | 1 | Keerthi | k.keerthipriya@gmail.com | Kiran | kiroooos@gmail.com | Happy birthday | 4444333322221111 | 11 | 20 | 123 |" time="0"/>
  <testcase name="And give all the details &apos;Gift Card CA +$75.00&apos; and &apos;1&apos; and &apos;Keerthi&apos; and &apos;k.keerthipriya@gmail.com&apos; and &apos;Kiran&apos; and &apos;kiroooos@gmail.com&apos; and &apos;Happy birthday&apos; and &apos;4444333322221111&apos; and &apos;11&apos; and &apos;20&apos; and &apos;123&apos;" classname="| k.keerthipriya@gmail.com | kiran143 | Gift Card CA +$75.00 | 1 | Keerthi | k.keerthipriya@gmail.com | Kiran | kiroooos@gmail.com | Happy birthday | 4444333322221111 | 11 | 20 | 123 |" time="0"/>
  <testcase name="Then I should login to the forever new website" classname="| k.keerthipriya@gmail.com | kiran143 | Gift Card CA +$75.00 | 1 | Keerthi | k.keerthipriya@gmail.com | Kiran | kiroooos@gmail.com | Happy birthday | 4444333322221111 | 11 | 20 | 123 |" time="0"/>
  <testcase name="| k.keerthipriya@gmail.com | kiran143 | Gift Card CA +$75.00 | 1 | Keerthi | k.keerthipriya@gmail.com | Kiran | kiroooos@gmail.com | Happy birthday | 4444333322221111 | 11 | 20 | 123 |" classname="| k.keerthipriya@gmail.com | kiran143 | Gift Card CA +$75.00 | 1 | Keerthi | k.keerthipriya@gmail.com | Kiran | kiroooos@gmail.com | Happy birthday | 4444333322221111 | 11 | 20 | 123 |" time="0.004"/>
</testsuite>